app/build/outputs/logs/manifest-merger-debug-report.txt
-- Merging decision tree log ---
manifest
ADDED from src/main/AndroidManifest.xml:3:1-80:12
	xmlns:android
		ADDED from src/main/AndroidManifest.xml:3:11-69
	package
		ADDED from src/main/AndroidManifest.xml:4:5-39
		INJECTED from src/main/AndroidManifest.xml
		INJECTED from src/main/AndroidManifest.xml
	android:versionName
		ADDED from src/main/AndroidManifest.xml:6:5-30
		INJECTED from src/main/AndroidManifest.xml
		INJECTED from src/main/AndroidManifest.xml
	android:versionCode
		ADDED from src/main/AndroidManifest.xml:5:5-28
		INJECTED from src/main/AndroidManifest.xml
		INJECTED from src/main/AndroidManifest.xml
uses-sdk
ADDED from src/main/AndroidManifest.xml:8:5-43
MERGED from [com.android.support:support-v4:23.3.0] AndroidManifest.xml:20:5-43
	android:targetSdkVersion
		INJECTED from src/main/AndroidManifest.xml
		INJECTED from src/main/AndroidManifest.xml
	android:minSdkVersion
		ADDED from src/main/AndroidManifest.xml:8:15-40
		INJECTED from src/main/AndroidManifest.xml
		INJECTED from src/main/AndroidManifest.xml
uses-permission#android.permission.ACCESS_NETWORK_STATE
ADDED from src/main/AndroidManifest.xml:10:5-79
	android:name
		ADDED from src/main/AndroidManifest.xml:10:22-76
uses-permission#android.permission.INTERNET
ADDED from src/main/AndroidManifest.xml:11:5-67
	android:name
		ADDED from src/main/AndroidManifest.xml:11:22-64
uses-permission#android.permission.CALL_PHONE
ADDED from src/main/AndroidManifest.xml:12:5-69
	android:name
		ADDED from src/main/AndroidManifest.xml:12:22-66
permission#com.YourPackage.EventApp.permission.MAPS_RECEIVE
ADDED from src/main/AndroidManifest.xml:15:5-17:47
	android:protectionLevel
		ADDED from src/main/AndroidManifest.xml:17:9-44
	android:name
		ADDED from src/main/AndroidManifest.xml:16:9-72
uses-permission#com.YourPackage.EventApp.permission.MAPS_RECEIVE
ADDED from src/main/AndroidManifest.xml:19:5-88
	android:name
		ADDED from src/main/AndroidManifest.xml:19:22-85
uses-permission#android.permission.WRITE_EXTERNAL_STORAGE
ADDED from src/main/AndroidManifest.xml:20:5-81
	android:name
		ADDED from src/main/AndroidManifest.xml:20:22-78
uses-permission#com.google.android.providers.gsf.permission.READ_GSERVICES
ADDED from src/main/AndroidManifest.xml:21:5-98
	android:name
		ADDED from src/main/AndroidManifest.xml:21:22-95
uses-permission#android.permission.ACCESS_COARSE_LOCATION
ADDED from src/main/AndroidManifest.xml:22:5-81
	android:name
		ADDED from src/main/AndroidManifest.xml:22:22-78
uses-permission#android.permission.ACCESS_FINE_LOCATION
ADDED from src/main/AndroidManifest.xml:23:5-79
	android:name
		ADDED from src/main/AndroidManifest.xml:23:22-76
uses-feature#0x00020000
ADDED from src/main/AndroidManifest.xml:25:5-27:35
	android:required
		ADDED from src/main/AndroidManifest.xml:27:9-32
	android:glEsVersion
		ADDED from src/main/AndroidManifest.xml:26:9-41
application
ADDED from src/main/AndroidManifest.xml:29:5-78:19
MERGED from [com.android.support:support-v4:23.3.0] AndroidManifest.xml:22:5-20
	android:label
		ADDED from src/main/AndroidManifest.xml:31:9-41
	android:icon
		ADDED from src/main/AndroidManifest.xml:30:9-38
meta-data#com.google.android.maps.v2.API_KEY
ADDED from src/main/AndroidManifest.xml:35:9-37:71
	android:name
		ADDED from src/main/AndroidManifest.xml:36:13-62
	android:value
		ADDED from src/main/AndroidManifest.xml:37:13-68
activity#com.google.ads.AdActivity
ADDED from src/main/AndroidManifest.xml:39:9-42:20
	android:configChanges
		ADDED from src/main/AndroidManifest.xml:41:13-122
	android:name
		ADDED from src/main/AndroidManifest.xml:40:13-53
activity#com.YourPackage.EventApp.EventApp
ADDED from src/main/AndroidManifest.xml:43:9-51:20
	android:label
		ADDED from src/main/AndroidManifest.xml:45:13-45
	android:name
		ADDED from src/main/AndroidManifest.xml:44:13-37
intent-filter#android.intent.action.MAIN+android.intent.category.LAUNCHER
ADDED from src/main/AndroidManifest.xml:46:13-50:29
action#android.intent.action.MAIN
ADDED from src/main/AndroidManifest.xml:47:17-69
	android:name
		ADDED from src/main/AndroidManifest.xml:47:25-66
category#android.intent.category.LAUNCHER
ADDED from src/main/AndroidManifest.xml:49:17-77
	android:name
		ADDED from src/main/AndroidManifest.xml:49:27-74
activity#com.YourPackage.EventApp.ActivityDetails
ADDED from src/main/AndroidManifest.xml:52:9-60:20
	android:label
		ADDED from src/main/AndroidManifest.xml:54:13-45
	android:name
		ADDED from src/main/AndroidManifest.xml:53:13-44
intent-filter#android.intent.action.MAIN+android.intent.category.DEFAULT
ADDED from src/main/AndroidManifest.xml:55:13-59:29
category#android.intent.category.DEFAULT
ADDED from src/main/AndroidManifest.xml:58:17-76
	android:name
		ADDED from src/main/AndroidManifest.xml:58:27-73
activity#com.YourPackage.EventApp.Welcome
ADDED from src/main/AndroidManifest.xml:61:9-45
	android:name
		ADDED from src/main/AndroidManifest.xml:61:19-42
activity#com.YourPackage.EventApp.Booking
ADDED from src/main/AndroidManifest.xml:62:9-45
	android:name
		ADDED from src/main/AndroidManifest.xml:62:19-42
activity#com.YourPackage.EventApp.Shedule
ADDED from src/main/AndroidManifest.xml:63:9-45
	android:name
		ADDED from src/main/AndroidManifest.xml:63:19-42
activity#com.YourPackage.EventApp.Map
ADDED from src/main/AndroidManifest.xml:64:9-41
	android:name
		ADDED from src/main/AndroidManifest.xml:64:19-38
activity#com.YourPackage.EventApp.Social
ADDED from src/main/AndroidManifest.xml:65:9-44
	android:name
		ADDED from src/main/AndroidManifest.xml:65:19-41
receiver#com.YourPackage.EventApp.Widget
ADDED from src/main/AndroidManifest.xml:67:9-77:20
	android:label
		ADDED from src/main/AndroidManifest.xml:69:13-45
	android:name
		ADDED from src/main/AndroidManifest.xml:68:13-35
intent-filter#android.appwidget.action.APPWIDGET_UPDATE
ADDED from src/main/AndroidManifest.xml:70:13-72:29
action#android.appwidget.action.APPWIDGET_UPDATE
ADDED from src/main/AndroidManifest.xml:71:17-84
	android:name
		ADDED from src/main/AndroidManifest.xml:71:25-81
meta-data#android.appwidget.provider
ADDED from src/main/AndroidManifest.xml:74:13-76:59
	android:resource
		ADDED from src/main/AndroidManifest.xml:76:17-56
	android:name
		ADDED from src/main/AndroidManifest.xml:75:17-58